2024-06-01 15:51:11,709 - recipe.helpers.logger - INFO - CREATING new recipe
2024-06-01 15:51:11,741 - recipe.helpers.logger - INFO - Validation Error in Create Recipe
2024-06-01 15:51:11,742 - recipe.helpers.logger - INFO - DELETING recipe with id: 3
2024-06-01 15:51:11,744 - recipe.helpers.logger - INFO - DELETED Recipe with id: 3successfully.
2024-06-01 15:51:11,745 - recipe.helpers.logger - INFO - FETCHING all recipes from database.
2024-06-01 15:51:11,745 - recipe.helpers.logger - INFO - FETCHED 1 recipes from database
2024-06-01 15:51:11,747 - recipe.helpers.logger - INFO - FETCHING recipe detail by id
2024-06-01 15:51:11,747 - recipe.helpers.logger - INFO - FETCHED details for recipe with id 5
2024-06-01 15:51:11,749 - recipe.helpers.logger - INFO - UPDATING recipe with id: 6..
2024-06-01 15:51:11,751 - recipe.helpers.logger - INFO - UPDATE recipe with id: 6 successfully
2024-06-01 15:52:55,017 - recipe.helpers.logger - INFO - CREATING new recipe
2024-06-01 15:52:55,046 - recipe.helpers.logger - INFO - CREATED Recipe successfully.
2024-06-01 15:52:55,047 - recipe.helpers.logger - INFO - CREATING new recipe
2024-06-01 15:52:55,048 - recipe.helpers.logger - ERROR - Validation Error in Create Recipe
2024-06-01 15:52:55,050 - recipe.helpers.logger - INFO - DELETING recipe with id: 5
2024-06-01 15:52:55,051 - recipe.helpers.logger - INFO - DELETED Recipe with id: 5successfully.
2024-06-01 15:52:55,052 - recipe.helpers.logger - INFO - FETCHING all recipes from database.
2024-06-01 15:52:55,053 - recipe.helpers.logger - INFO - FETCHED 1 recipes from database
2024-06-01 15:52:55,054 - recipe.helpers.logger - INFO - FETCHING recipe detail by id
2024-06-01 15:52:55,055 - recipe.helpers.logger - INFO - FETCHED details for recipe with id 7
2024-06-01 15:52:55,056 - recipe.helpers.logger - INFO - UPDATING recipe with id: 8..
2024-06-01 15:52:55,058 - recipe.helpers.logger - INFO - UPDATE recipe with id: 8 successfully
2024-06-01 15:53:01,931 - recipe.helpers.logger - INFO - CREATING new recipe
2024-06-01 15:53:01,961 - recipe.helpers.logger - INFO - CREATED Recipe successfully.
2024-06-01 15:53:01,962 - recipe.helpers.logger - INFO - CREATING new recipe
2024-06-01 15:53:01,963 - recipe.helpers.logger - ERROR - Validation Error in Create Recipe
2024-06-01 15:53:01,964 - recipe.helpers.logger - INFO - DELETING recipe with id: 5
2024-06-01 15:53:01,965 - recipe.helpers.logger - INFO - DELETED Recipe with id: 5successfully.
2024-06-01 15:53:01,967 - recipe.helpers.logger - INFO - FETCHING all recipes from database.
2024-06-01 15:53:01,967 - recipe.helpers.logger - INFO - FETCHED 1 recipes from database
2024-06-01 15:53:01,971 - recipe.helpers.logger - INFO - FETCHING recipe detail by id
2024-06-01 15:53:01,972 - recipe.helpers.logger - INFO - FETCHED details for recipe with id 7
2024-06-01 15:53:01,976 - recipe.helpers.logger - INFO - UPDATING recipe with id: 8..
2024-06-01 15:53:01,978 - recipe.helpers.logger - INFO - UPDATE recipe with id: 8 successfully
2024-06-01 15:55:17,406 - recipe.helpers.logger - INFO - CREATING new recipe
2024-06-01 15:55:17,435 - recipe.helpers.logger - INFO - CREATED Recipe successfully.
2024-06-01 15:55:17,437 - recipe.helpers.logger - INFO - CREATING new recipe
2024-06-01 15:55:17,438 - recipe.helpers.logger - ERROR - Validation Error in Create Recipe
2024-06-01 15:55:17,439 - recipe.helpers.logger - INFO - DELETING recipe with id: 5
2024-06-01 15:55:17,440 - recipe.helpers.logger - INFO - DELETED Recipe with id: 5successfully.
2024-06-01 15:55:17,442 - recipe.helpers.logger - INFO - FETCHING all recipes from database.
2024-06-01 15:55:17,442 - recipe.helpers.logger - INFO - FETCHED 1 recipes from database
2024-06-01 15:55:17,444 - recipe.helpers.logger - INFO - FETCHING recipe detail by id
2024-06-01 15:55:17,444 - recipe.helpers.logger - INFO - FETCHED details for recipe with id 7
2024-06-01 15:55:17,446 - recipe.helpers.logger - INFO - UPDATING recipe with id: 8..
2024-06-01 15:55:17,451 - recipe.helpers.logger - INFO - UPDATE recipe with id: 8 successfully
2024-06-01 15:58:05,663 - recipe.helpers.logger - INFO - CREATING new recipe
2024-06-01 15:58:05,700 - recipe.helpers.logger - INFO - CREATED Recipe successfully.
2024-06-01 15:58:05,702 - recipe.helpers.logger - INFO - CREATING new recipe
2024-06-01 15:58:05,703 - recipe.helpers.logger - ERROR - Validation Error in Create Recipe
2024-06-01 15:58:05,704 - recipe.helpers.logger - INFO - DELETING recipe with id: 5
2024-06-01 15:58:05,705 - recipe.helpers.logger - INFO - DELETED Recipe with id: 5successfully.
2024-06-01 15:58:05,706 - recipe.helpers.logger - INFO - FETCHING all recipes from database.
2024-06-01 15:58:05,706 - recipe.helpers.logger - INFO - FETCHED 1 recipes from database
2024-06-01 15:58:05,708 - recipe.helpers.logger - INFO - FETCHING recipe detail by id
2024-06-01 15:58:05,708 - recipe.helpers.logger - INFO - FETCHED details for recipe with id 7
2024-06-01 15:58:05,710 - recipe.helpers.logger - INFO - UPDATING recipe with id: 8..
2024-06-01 15:58:05,716 - recipe.helpers.logger - INFO - UPDATE recipe with id: 8 successfully
2024-06-01 16:04:19,499 - recipe.helpers.logger - INFO - CREATING new recipe
2024-06-01 16:04:19,528 - recipe.helpers.logger - INFO - CREATED Recipe successfully.
2024-06-01 16:04:19,543 - recipe.helpers.logger - INFO - CREATING new recipe
2024-06-01 16:04:19,548 - recipe.helpers.logger - ERROR - Validation Error in Create Recipe
2024-06-01 16:04:19,552 - recipe.helpers.logger - INFO - DELETING recipe with id: 5
2024-06-01 16:04:19,554 - recipe.helpers.logger - INFO - DELETED Recipe with id: 5successfully.
2024-06-01 16:04:19,558 - recipe.helpers.logger - INFO - FETCHING all recipes from database.
2024-06-01 16:04:19,559 - recipe.helpers.logger - INFO - FETCHED 1 recipes from database
2024-06-01 16:04:19,561 - recipe.helpers.logger - INFO - FETCHING recipe detail by id
2024-06-01 16:04:19,562 - recipe.helpers.logger - INFO - FETCHED details for recipe with id 7
2024-06-01 16:04:19,564 - recipe.helpers.logger - INFO - UPDATING recipe with id: 8..
2024-06-01 16:04:19,566 - recipe.helpers.logger - INFO - UPDATE recipe with id: 8 successfully
2024-06-01 16:04:47,849 - recipe.helpers.logger - INFO - CREATING new recipe
2024-06-01 16:04:47,878 - recipe.helpers.logger - INFO - CREATED Recipe successfully.
2024-06-01 16:04:47,879 - recipe.helpers.logger - INFO - CREATING new recipe
2024-06-01 16:04:47,881 - recipe.helpers.logger - ERROR - Validation Error in Create Recipe
2024-06-01 16:04:47,883 - recipe.helpers.logger - INFO - DELETING recipe with id: 5
2024-06-01 16:04:47,886 - recipe.helpers.logger - INFO - DELETED Recipe with id: 5successfully.
2024-06-01 16:04:47,887 - recipe.helpers.logger - INFO - FETCHING all recipes from database.
2024-06-01 16:04:47,888 - recipe.helpers.logger - INFO - FETCHED 1 recipes from database
2024-06-01 16:04:47,890 - recipe.helpers.logger - INFO - FETCHING recipe detail by id
2024-06-01 16:04:47,891 - recipe.helpers.logger - INFO - FETCHED details for recipe with id 7
2024-06-01 16:04:47,892 - recipe.helpers.logger - INFO - UPDATING recipe with id: 8..
2024-06-01 16:04:47,894 - recipe.helpers.logger - INFO - UPDATE recipe with id: 8 successfully
2024-06-01 16:04:52,383 - recipe.helpers.logger - INFO - CREATING new recipe
2024-06-01 16:04:52,410 - recipe.helpers.logger - INFO - CREATED Recipe successfully.
2024-06-01 16:04:52,414 - recipe.helpers.logger - INFO - CREATING new recipe
2024-06-01 16:04:52,415 - recipe.helpers.logger - ERROR - Validation Error in Create Recipe
2024-06-01 16:04:52,417 - recipe.helpers.logger - INFO - DELETING recipe with id: 5
2024-06-01 16:04:52,418 - recipe.helpers.logger - INFO - DELETED Recipe with id: 5successfully.
2024-06-01 16:04:52,420 - recipe.helpers.logger - INFO - FETCHING all recipes from database.
2024-06-01 16:04:52,420 - recipe.helpers.logger - INFO - FETCHED 1 recipes from database
2024-06-01 16:04:52,421 - recipe.helpers.logger - INFO - FETCHING recipe detail by id
2024-06-01 16:04:52,422 - recipe.helpers.logger - INFO - FETCHED details for recipe with id 7
2024-06-01 16:04:52,424 - recipe.helpers.logger - INFO - UPDATING recipe with id: 8..
2024-06-01 16:04:52,426 - recipe.helpers.logger - INFO - UPDATE recipe with id: 8 successfully
2024-06-01 16:05:14,348 - recipe.helpers.logger - INFO - CREATING new recipe
2024-06-01 16:05:14,377 - recipe.helpers.logger - INFO - CREATED Recipe successfully.
2024-06-01 16:05:14,379 - recipe.helpers.logger - INFO - CREATING new recipe
2024-06-01 16:05:14,379 - recipe.helpers.logger - ERROR - Validation Error in Create Recipe
2024-06-01 16:05:14,381 - recipe.helpers.logger - INFO - DELETING recipe with id: 5
2024-06-01 16:05:14,383 - recipe.helpers.logger - INFO - DELETED Recipe with id: 5successfully.
2024-06-01 16:05:14,385 - recipe.helpers.logger - INFO - FETCHING all recipes from database.
2024-06-01 16:05:14,385 - recipe.helpers.logger - INFO - FETCHED 1 recipes from database
2024-06-01 16:05:14,387 - recipe.helpers.logger - INFO - FETCHING recipe detail by id
2024-06-01 16:05:14,388 - recipe.helpers.logger - INFO - FETCHED details for recipe with id 7
2024-06-01 16:05:14,392 - recipe.helpers.logger - INFO - UPDATING recipe with id: 8..
2024-06-01 16:05:14,395 - recipe.helpers.logger - INFO - UPDATE recipe with id: 8 successfully
2024-06-01 16:05:20,683 - recipe.helpers.logger - INFO - CREATING new recipe
2024-06-01 16:05:20,715 - recipe.helpers.logger - INFO - CREATED Recipe successfully.
2024-06-01 16:05:20,721 - recipe.helpers.logger - INFO - CREATING new recipe
2024-06-01 16:05:20,722 - recipe.helpers.logger - ERROR - Validation Error in Create Recipe
2024-06-01 16:05:20,725 - recipe.helpers.logger - INFO - DELETING recipe with id: 5
2024-06-01 16:05:20,726 - recipe.helpers.logger - INFO - DELETED Recipe with id: 5successfully.
2024-06-01 16:05:20,727 - recipe.helpers.logger - INFO - FETCHING all recipes from database.
2024-06-01 16:05:20,728 - recipe.helpers.logger - INFO - FETCHED 1 recipes from database
2024-06-01 16:05:20,729 - recipe.helpers.logger - INFO - FETCHING recipe detail by id
2024-06-01 16:05:20,730 - recipe.helpers.logger - INFO - FETCHED details for recipe with id 7
2024-06-01 16:05:20,731 - recipe.helpers.logger - INFO - UPDATING recipe with id: 8..
2024-06-01 16:05:20,735 - recipe.helpers.logger - INFO - UPDATE recipe with id: 8 successfully
2024-06-01 16:05:35,369 - recipe.helpers.logger - INFO - CREATING new recipe
2024-06-01 16:05:35,397 - recipe.helpers.logger - INFO - CREATED Recipe successfully.
2024-06-01 16:05:35,399 - recipe.helpers.logger - INFO - CREATING new recipe
2024-06-01 16:05:35,399 - recipe.helpers.logger - ERROR - Validation Error in Create Recipe
2024-06-01 16:05:35,401 - recipe.helpers.logger - INFO - DELETING recipe with id: 5
2024-06-01 16:05:35,402 - recipe.helpers.logger - INFO - DELETED Recipe with id: 5successfully.
2024-06-01 16:05:35,403 - recipe.helpers.logger - INFO - FETCHING all recipes from database.
2024-06-01 16:05:35,404 - recipe.helpers.logger - INFO - FETCHED 1 recipes from database
2024-06-01 16:05:35,408 - recipe.helpers.logger - INFO - FETCHING recipe detail by id
2024-06-01 16:05:35,408 - recipe.helpers.logger - INFO - FETCHED details for recipe with id 7
2024-06-01 16:05:35,411 - recipe.helpers.logger - INFO - UPDATING recipe with id: 8..
2024-06-01 16:05:35,413 - recipe.helpers.logger - INFO - UPDATE recipe with id: 8 successfully
2024-06-01 16:05:48,491 - recipe.helpers.logger - INFO - CREATING new recipe
2024-06-01 16:05:48,519 - recipe.helpers.logger - INFO - CREATED Recipe successfully.
2024-06-01 16:05:48,521 - recipe.helpers.logger - INFO - CREATING new recipe
2024-06-01 16:05:48,521 - recipe.helpers.logger - ERROR - Validation Error in Create Recipe
2024-06-01 16:05:48,522 - recipe.helpers.logger - INFO - DELETING recipe with id: 5
2024-06-01 16:05:48,524 - recipe.helpers.logger - INFO - DELETED Recipe with id: 5successfully.
2024-06-01 16:05:48,525 - recipe.helpers.logger - INFO - FETCHING all recipes from database.
2024-06-01 16:05:48,526 - recipe.helpers.logger - INFO - FETCHED 1 recipes from database
2024-06-01 16:05:48,530 - recipe.helpers.logger - INFO - FETCHING recipe detail by id
2024-06-01 16:05:48,530 - recipe.helpers.logger - INFO - FETCHED details for recipe with id 7
2024-06-01 16:05:48,533 - recipe.helpers.logger - INFO - UPDATING recipe with id: 8..
2024-06-01 16:05:48,535 - recipe.helpers.logger - INFO - UPDATE recipe with id: 8 successfully
2024-06-01 16:06:12,536 - recipe.helpers.logger - INFO - CREATING new recipe
2024-06-01 16:06:12,564 - recipe.helpers.logger - INFO - CREATED Recipe successfully.
2024-06-01 16:06:12,565 - recipe.helpers.logger - INFO - CREATING new recipe
2024-06-01 16:06:12,566 - recipe.helpers.logger - ERROR - Validation Error in Create Recipe
2024-06-01 16:06:12,567 - recipe.helpers.logger - INFO - DELETING recipe with id: 5
2024-06-01 16:06:12,569 - recipe.helpers.logger - INFO - DELETED Recipe with id: 5successfully.
2024-06-01 16:06:12,573 - recipe.helpers.logger - INFO - FETCHING all recipes from database.
2024-06-01 16:06:12,574 - recipe.helpers.logger - INFO - FETCHED 1 recipes from database
2024-06-01 16:06:12,577 - recipe.helpers.logger - INFO - FETCHING recipe detail by id
2024-06-01 16:06:12,578 - recipe.helpers.logger - INFO - FETCHED details for recipe with id 7
2024-06-01 16:06:12,580 - recipe.helpers.logger - INFO - UPDATING recipe with id: 8..
2024-06-01 16:06:12,582 - recipe.helpers.logger - INFO - UPDATE recipe with id: 8 successfully
2024-06-01 16:06:39,193 - recipe.helpers.logger - INFO - CREATING new recipe
2024-06-01 16:06:39,222 - recipe.helpers.logger - INFO - CREATED Recipe successfully.
2024-06-01 16:06:39,224 - recipe.helpers.logger - INFO - CREATING new recipe
2024-06-01 16:06:39,224 - recipe.helpers.logger - ERROR - Validation Error in Create Recipe
2024-06-01 16:06:39,225 - recipe.helpers.logger - INFO - DELETING recipe with id: 5
2024-06-01 16:06:39,226 - recipe.helpers.logger - INFO - DELETED Recipe with id: 5successfully.
2024-06-01 16:06:39,228 - recipe.helpers.logger - INFO - FETCHING all recipes from database.
2024-06-01 16:06:39,228 - recipe.helpers.logger - INFO - FETCHED 1 recipes from database
2024-06-01 16:06:39,233 - recipe.helpers.logger - INFO - FETCHING recipe detail by id
2024-06-01 16:06:39,234 - recipe.helpers.logger - INFO - FETCHED details for recipe with id 7
2024-06-01 16:06:39,236 - recipe.helpers.logger - INFO - UPDATING recipe with id: 8..
2024-06-01 16:06:39,240 - recipe.helpers.logger - INFO - UPDATE recipe with id: 8 successfully
2024-06-01 16:06:49,113 - recipe.helpers.logger - INFO - CREATING new recipe
2024-06-01 16:06:49,142 - recipe.helpers.logger - INFO - CREATED Recipe successfully.
2024-06-01 16:06:49,144 - recipe.helpers.logger - INFO - CREATING new recipe
2024-06-01 16:06:49,144 - recipe.helpers.logger - ERROR - Validation Error in Create Recipe
2024-06-01 16:06:49,145 - recipe.helpers.logger - INFO - DELETING recipe with id: 5
2024-06-01 16:06:49,147 - recipe.helpers.logger - INFO - DELETED Recipe with id: 5successfully.
2024-06-01 16:06:49,152 - recipe.helpers.logger - INFO - FETCHING all recipes from database.
2024-06-01 16:06:49,158 - recipe.helpers.logger - INFO - FETCHED 1 recipes from database
2024-06-01 16:06:49,168 - recipe.helpers.logger - INFO - FETCHING recipe detail by id
2024-06-01 16:06:49,169 - recipe.helpers.logger - INFO - FETCHED details for recipe with id 7
2024-06-01 16:06:49,172 - recipe.helpers.logger - INFO - UPDATING recipe with id: 8..
2024-06-01 16:06:49,174 - recipe.helpers.logger - INFO - UPDATE recipe with id: 8 successfully
2024-06-01 16:07:12,140 - recipe.helpers.logger - INFO - CREATING new recipe
2024-06-01 16:07:12,174 - recipe.helpers.logger - INFO - CREATED Recipe successfully.
2024-06-01 16:07:12,185 - recipe.helpers.logger - INFO - CREATING new recipe
2024-06-01 16:07:12,186 - recipe.helpers.logger - ERROR - Validation Error in Create Recipe
2024-06-01 16:07:12,188 - recipe.helpers.logger - INFO - DELETING recipe with id: 5
2024-06-01 16:07:12,189 - recipe.helpers.logger - INFO - DELETED Recipe with id: 5successfully.
2024-06-01 16:07:12,190 - recipe.helpers.logger - INFO - FETCHING all recipes from database.
2024-06-01 16:07:12,191 - recipe.helpers.logger - INFO - FETCHED 1 recipes from database
2024-06-01 16:07:12,192 - recipe.helpers.logger - INFO - FETCHING recipe detail by id
2024-06-01 16:07:12,193 - recipe.helpers.logger - INFO - FETCHED details for recipe with id 7
2024-06-01 16:07:12,194 - recipe.helpers.logger - INFO - UPDATING recipe with id: 8..
2024-06-01 16:07:12,196 - recipe.helpers.logger - INFO - UPDATE recipe with id: 8 successfully
2024-06-01 16:07:41,021 - recipe.helpers.logger - INFO - CREATING new recipe
2024-06-01 16:07:41,049 - recipe.helpers.logger - INFO - CREATED Recipe successfully.
2024-06-01 16:07:41,051 - recipe.helpers.logger - INFO - CREATING new recipe
2024-06-01 16:07:41,052 - recipe.helpers.logger - ERROR - Validation Error in Create Recipe
2024-06-01 16:07:41,053 - recipe.helpers.logger - INFO - DELETING recipe with id: 5
2024-06-01 16:07:41,055 - recipe.helpers.logger - INFO - DELETED Recipe with id: 5successfully.
2024-06-01 16:07:41,056 - recipe.helpers.logger - INFO - FETCHING all recipes from database.
2024-06-01 16:07:41,057 - recipe.helpers.logger - INFO - FETCHED 1 recipes from database
2024-06-01 16:07:41,059 - recipe.helpers.logger - INFO - FETCHING recipe detail by id
2024-06-01 16:07:41,060 - recipe.helpers.logger - INFO - FETCHED details for recipe with id 7
2024-06-01 16:07:41,063 - recipe.helpers.logger - INFO - UPDATING recipe with id: 8..
2024-06-01 16:07:41,066 - recipe.helpers.logger - INFO - UPDATE recipe with id: 8 successfully
2024-06-01 16:12:12,720 - recipe.helpers.logger - INFO - CREATING new recipe
2024-06-01 16:12:12,746 - recipe.helpers.logger - INFO - CREATED Recipe successfully.
2024-06-01 16:12:12,749 - recipe.helpers.logger - INFO - CREATING new recipe
2024-06-01 16:12:12,749 - recipe.helpers.logger - ERROR - Validation Error in Create Recipe
2024-06-01 16:12:12,751 - recipe.helpers.logger - INFO - DELETING recipe with id: 5
2024-06-01 16:12:12,752 - recipe.helpers.logger - INFO - DELETED Recipe with id: 5successfully.
2024-06-01 16:12:12,754 - recipe.helpers.logger - INFO - FETCHING all recipes from database.
2024-06-01 16:12:12,754 - recipe.helpers.logger - INFO - FETCHED 1 recipes from database
2024-06-01 16:12:12,755 - recipe.helpers.logger - INFO - FETCHING recipe detail by id
2024-06-01 16:12:12,756 - recipe.helpers.logger - INFO - FETCHED details for recipe with id 7
2024-06-01 16:12:12,759 - recipe.helpers.logger - INFO - UPDATING recipe with id: 8..
2024-06-01 16:12:12,761 - recipe.helpers.logger - INFO - UPDATE recipe with id: 8 successfully
2024-06-01 16:12:42,527 - recipe.helpers.logger - INFO - CREATING new recipe
2024-06-01 16:12:42,555 - recipe.helpers.logger - INFO - CREATED Recipe successfully.
2024-06-01 16:12:42,557 - recipe.helpers.logger - INFO - CREATING new recipe
2024-06-01 16:12:42,558 - recipe.helpers.logger - ERROR - Validation Error in Create Recipe
2024-06-01 16:12:42,559 - recipe.helpers.logger - INFO - DELETING recipe with id: 5
2024-06-01 16:12:42,560 - recipe.helpers.logger - INFO - DELETED Recipe with id: 5successfully.
2024-06-01 16:12:42,561 - recipe.helpers.logger - INFO - FETCHING all recipes from database.
2024-06-01 16:12:42,561 - recipe.helpers.logger - INFO - FETCHED 1 recipes from database
2024-06-01 16:12:42,563 - recipe.helpers.logger - INFO - FETCHING recipe detail by id
2024-06-01 16:12:42,563 - recipe.helpers.logger - INFO - FETCHED details for recipe with id 7
2024-06-01 16:12:42,565 - recipe.helpers.logger - INFO - UPDATING recipe with id: 8..
2024-06-01 16:12:42,567 - recipe.helpers.logger - INFO - UPDATE recipe with id: 8 successfully
2024-06-01 16:12:49,173 - recipe.helpers.logger - INFO - CREATING new recipe
2024-06-01 16:12:49,200 - recipe.helpers.logger - INFO - CREATED Recipe successfully.
2024-06-01 16:12:49,202 - recipe.helpers.logger - INFO - CREATING new recipe
2024-06-01 16:12:49,202 - recipe.helpers.logger - ERROR - Validation Error in Create Recipe
2024-06-01 16:12:49,204 - recipe.helpers.logger - INFO - DELETING recipe with id: 5
2024-06-01 16:12:49,206 - recipe.helpers.logger - INFO - DELETED Recipe with id: 5successfully.
2024-06-01 16:12:49,208 - recipe.helpers.logger - INFO - FETCHING all recipes from database.
2024-06-01 16:12:49,208 - recipe.helpers.logger - INFO - FETCHED 1 recipes from database
2024-06-01 16:12:49,210 - recipe.helpers.logger - INFO - FETCHING recipe detail by id
2024-06-01 16:12:49,210 - recipe.helpers.logger - INFO - FETCHED details for recipe with id 7
2024-06-01 16:12:49,212 - recipe.helpers.logger - INFO - UPDATING recipe with id: 8..
2024-06-01 16:12:49,216 - recipe.helpers.logger - INFO - UPDATE recipe with id: 8 successfully
2024-06-01 16:13:03,896 - recipe.helpers.logger - INFO - CREATING new recipe
2024-06-01 16:13:03,922 - recipe.helpers.logger - INFO - CREATED Recipe successfully.
2024-06-01 16:13:03,924 - recipe.helpers.logger - INFO - CREATING new recipe
2024-06-01 16:13:03,925 - recipe.helpers.logger - ERROR - Validation Error in Create Recipe
2024-06-01 16:13:03,926 - recipe.helpers.logger - INFO - DELETING recipe with id: 5
2024-06-01 16:13:03,927 - recipe.helpers.logger - INFO - DELETED Recipe with id: 5successfully.
2024-06-01 16:13:03,929 - recipe.helpers.logger - INFO - FETCHING all recipes from database.
2024-06-01 16:13:03,929 - recipe.helpers.logger - INFO - FETCHED 1 recipes from database
2024-06-01 16:13:03,930 - recipe.helpers.logger - INFO - FETCHING recipe detail by id
2024-06-01 16:13:03,931 - recipe.helpers.logger - INFO - FETCHED details for recipe with id 7
2024-06-01 16:13:03,934 - recipe.helpers.logger - INFO - UPDATING recipe with id: 8..
2024-06-01 16:13:03,938 - recipe.helpers.logger - INFO - UPDATE recipe with id: 8 successfully
2024-06-01 16:13:26,692 - recipe.helpers.logger - INFO - CREATING new recipe
2024-06-01 16:13:26,722 - recipe.helpers.logger - INFO - CREATED Recipe successfully.
2024-06-01 16:13:26,723 - recipe.helpers.logger - INFO - CREATING new recipe
2024-06-01 16:13:26,724 - recipe.helpers.logger - ERROR - Validation Error in Create Recipe
2024-06-01 16:13:26,725 - recipe.helpers.logger - INFO - DELETING recipe with id: 5
2024-06-01 16:13:26,726 - recipe.helpers.logger - INFO - DELETED Recipe with id: 5successfully.
2024-06-01 16:13:26,728 - recipe.helpers.logger - INFO - FETCHING all recipes from database.
2024-06-01 16:13:26,728 - recipe.helpers.logger - INFO - FETCHED 1 recipes from database
2024-06-01 16:13:26,730 - recipe.helpers.logger - INFO - FETCHING recipe detail by id
2024-06-01 16:13:26,732 - recipe.helpers.logger - INFO - FETCHED details for recipe with id 7
2024-06-01 16:13:26,735 - recipe.helpers.logger - INFO - UPDATING recipe with id: 8..
2024-06-01 16:13:26,738 - recipe.helpers.logger - INFO - UPDATE recipe with id: 8 successfully
2024-06-01 16:14:23,928 - recipe.helpers.logger - INFO - CREATING new recipe
2024-06-01 16:14:23,956 - recipe.helpers.logger - INFO - CREATED Recipe successfully.
2024-06-01 16:14:23,957 - recipe.helpers.logger - INFO - CREATING new recipe
2024-06-01 16:14:23,958 - recipe.helpers.logger - ERROR - Validation Error in Create Recipe
2024-06-01 16:14:23,959 - recipe.helpers.logger - INFO - DELETING recipe with id: 5
2024-06-01 16:14:23,960 - recipe.helpers.logger - INFO - DELETED Recipe with id: 5 successfully.
2024-06-01 16:14:23,962 - recipe.helpers.logger - INFO - FETCHING all recipes from database.
2024-06-01 16:14:23,962 - recipe.helpers.logger - INFO - FETCHED 1 recipes from database
2024-06-01 16:14:23,965 - recipe.helpers.logger - INFO - FETCHING recipe detail by id
2024-06-01 16:14:23,966 - recipe.helpers.logger - INFO - FETCHED details for recipe with id 7
2024-06-01 16:14:23,968 - recipe.helpers.logger - INFO - UPDATING recipe with id: 8..
2024-06-01 16:14:23,971 - recipe.helpers.logger - INFO - UPDATE recipe with id: 8 successfully
2024-06-01 16:14:49,066 - recipe.helpers.logger - INFO - FETCHING all recipes from database.
2024-06-01 16:14:49,069 - recipe.helpers.logger - INFO - FETCHED 33 recipes from database
2024-06-01 16:14:49,401 - recipe.helpers.logger - INFO - FETCHING all recipes from database.
2024-06-01 16:14:49,404 - recipe.helpers.logger - INFO - FETCHED 33 recipes from database
2024-06-01 16:14:55,364 - recipe.helpers.logger - INFO - FETCHING recipe detail by id
2024-06-01 16:14:55,366 - recipe.helpers.logger - INFO - FETCHED details for recipe with id 214
2024-06-01 16:15:00,435 - recipe.helpers.logger - INFO - FETCHING recipe detail by id
2024-06-01 16:15:00,436 - recipe.helpers.logger - ERROR - FAILED to FETCH Recipe with given id: <built-in function id>
2024-06-01 16:15:00,436 - recipe.helpers.logger - ERROR - Exception Occured: 
2024-06-01 16:15:00,439 - django.request - ERROR - Internal Server Error: /recipes/210/
2024-06-01 16:15:58,723 - django.utils.autoreload - INFO - /home/work/learning/tasks/backend/recipe/services/recipe.py changed, reloading.
2024-06-01 16:17:22,124 - recipe.helpers.logger - INFO - FETCHING recipe detail by id
2024-06-01 16:17:22,125 - recipe.helpers.logger - ERROR - FAILED to FETCH Recipe with given id: <built-in function id>
2024-06-01 16:17:22,125 - recipe.helpers.logger - ERROR - Exception Occured: 
2024-06-01 16:17:22,143 - django.request - ERROR - Internal Server Error: /recipes/210/
2024-06-01 16:17:25,807 - recipe.helpers.logger - INFO - FETCHING recipe detail by id
2024-06-01 16:17:25,808 - recipe.helpers.logger - ERROR - FAILED to FETCH Recipe with given id: <built-in function id>
2024-06-01 16:17:25,808 - recipe.helpers.logger - ERROR - Exception Occured: 
2024-06-01 16:17:25,812 - django.request - ERROR - Internal Server Error: /recipes/255/
2024-06-01 16:17:29,876 - recipe.helpers.logger - INFO - FETCHING recipe detail by id
2024-06-01 16:17:29,877 - recipe.helpers.logger - INFO - FETCHED details for recipe with id 214
2024-06-01 16:17:36,378 - recipe.helpers.logger - INFO - FETCHING recipe detail by id
2024-06-01 16:17:36,379 - recipe.helpers.logger - ERROR - FAILED to FETCH Recipe with given id: <built-in function id>
2024-06-01 16:17:36,379 - recipe.helpers.logger - ERROR - Exception Occured: 
2024-06-01 16:17:36,382 - django.request - ERROR - Internal Server Error: /recipes/200/
2024-06-01 16:18:10,633 - django.utils.autoreload - INFO - /home/work/learning/tasks/backend/recipe/services/recipe.py changed, reloading.
2024-06-01 16:18:36,519 - recipe.helpers.logger - INFO - FETCHING recipe detail by id
2024-06-01 16:18:36,522 - recipe.helpers.logger - ERROR - FAILED to FETCH Recipe with given id: <built-in function id>
2024-06-01 16:18:36,522 - recipe.helpers.logger - ERROR - Exception Occured: 
2024-06-01 16:18:36,544 - django.request - ERROR - Internal Server Error: /recipes/200/
2024-06-01 16:18:38,110 - recipe.helpers.logger - INFO - FETCHING recipe detail by id
2024-06-01 16:18:38,111 - recipe.helpers.logger - ERROR - FAILED to FETCH Recipe with given id: <built-in function id>
2024-06-01 16:18:38,111 - recipe.helpers.logger - ERROR - Exception Occured: 
2024-06-01 16:18:38,114 - django.request - ERROR - Internal Server Error: /recipes/200/
2024-06-01 16:18:42,622 - recipe.helpers.logger - INFO - FETCHING recipe detail by id
2024-06-01 16:18:42,623 - recipe.helpers.logger - ERROR - FAILED to FETCH Recipe with given id: <built-in function id>
2024-06-01 16:18:42,623 - recipe.helpers.logger - ERROR - Exception Occured: 
2024-06-01 16:18:42,641 - django.request - ERROR - Internal Server Error: /recipes/200/
2024-06-01 16:19:00,552 - django.utils.autoreload - INFO - /home/work/learning/tasks/backend/recipe/services/recipe.py changed, reloading.
2024-06-01 16:19:01,135 - recipe.helpers.logger - INFO - FETCHING recipe detail by id
2024-06-01 16:19:01,136 - recipe.helpers.logger - ERROR - FAILED to FETCH Recipe with given id: <built-in function id>
2024-06-01 16:19:01,136 - recipe.helpers.logger - ERROR - Exception Occured: 
2024-06-01 16:19:01,157 - django.request - ERROR - Internal Server Error: /recipes/200/
2024-06-01 16:19:08,645 - recipe.helpers.logger - INFO - FETCHING recipe detail by id
2024-06-01 16:19:08,646 - recipe.helpers.logger - ERROR - FAILED to FETCH Recipe with given id: <built-in function id>
2024-06-01 16:19:08,646 - recipe.helpers.logger - ERROR - Exception Occured: 
2024-06-01 16:19:08,662 - django.request - ERROR - Internal Server Error: /recipes/200/
2024-06-01 16:19:21,785 - django.utils.autoreload - INFO - /home/work/learning/tasks/backend/recipe/services/recipe.py changed, reloading.
2024-06-01 16:19:23,771 - recipe.helpers.logger - INFO - FETCHING recipe detail by id
2024-06-01 16:19:23,772 - recipe.helpers.logger - ERROR - FAILED to FETCH Recipe with given id: <built-in function id>
2024-06-01 16:19:23,772 - recipe.helpers.logger - ERROR - Exception Occured: 
2024-06-01 16:19:23,786 - django.request - ERROR - Internal Server Error: /recipes/200/
2024-06-01 16:19:37,999 - recipe.helpers.logger - INFO - FETCHING recipe detail by id
2024-06-01 16:19:38,001 - recipe.helpers.logger - ERROR - FAILED to FETCH Recipe with given id: <built-in function id>
2024-06-01 16:19:38,001 - recipe.helpers.logger - ERROR - Exception Occured: 
2024-06-01 16:19:38,012 - django.request - ERROR - Internal Server Error: /recipes/200/
2024-06-01 16:19:39,073 - recipe.helpers.logger - INFO - FETCHING recipe detail by id
2024-06-01 16:19:39,074 - recipe.helpers.logger - ERROR - FAILED to FETCH Recipe with given id: <built-in function id>
2024-06-01 16:19:39,074 - recipe.helpers.logger - ERROR - Exception Occured: 
2024-06-01 16:19:39,079 - django.request - ERROR - Internal Server Error: /recipes/200/
2024-06-01 16:20:57,313 - django.utils.autoreload - INFO - /home/work/learning/tasks/backend/recipe/services/recipe.py changed, reloading.
2024-06-01 16:20:58,824 - recipe.helpers.logger - INFO - FETCHING recipe detail by id
2024-06-01 16:20:58,826 - recipe.helpers.logger - ERROR - FAILED to FETCH Recipe with given id: <built-in function id>
2024-06-01 16:20:58,826 - recipe.helpers.logger - ERROR - Object not found
2024-06-01 16:20:58,841 - django.request - WARNING - Not Found: /recipes/200/
2024-06-01 16:21:31,354 - django.utils.autoreload - INFO - /home/work/learning/tasks/backend/recipe/services/recipe.py changed, reloading.
2024-06-01 16:21:41,089 - django.utils.autoreload - INFO - /home/work/learning/tasks/backend/recipe/services/recipe.py changed, reloading.
2024-06-01 16:21:41,731 - recipe.helpers.logger - INFO - FETCHING recipe detail by id
2024-06-01 16:21:41,733 - recipe.helpers.logger - ERROR - FAILED to FETCH Recipe with given id: <built-in function id>
2024-06-01 16:21:41,734 - recipe.helpers.logger - ERROR - Object not found
2024-06-01 16:21:41,760 - django.request - WARNING - Not Found: /recipes/200/
2024-06-01 16:21:50,179 - recipe.helpers.logger - INFO - FETCHING recipe detail by id
2024-06-01 16:21:50,181 - recipe.helpers.logger - ERROR - FAILED to FETCH Recipe with given id: <built-in function id>
2024-06-01 16:21:50,181 - recipe.helpers.logger - ERROR - Object not found
2024-06-01 16:21:50,187 - django.request - WARNING - Not Found: /recipes/200/
2024-06-01 16:22:35,334 - recipe.helpers.logger - INFO - CREATING new recipe
2024-06-01 16:22:35,362 - recipe.helpers.logger - INFO - CREATED Recipe successfully.
2024-06-01 16:22:35,363 - recipe.helpers.logger - INFO - CREATING new recipe
2024-06-01 16:22:35,364 - recipe.helpers.logger - ERROR - Validation Error in Create Recipe
2024-06-01 16:22:35,365 - recipe.helpers.logger - INFO - DELETING recipe with id: 5
2024-06-01 16:22:35,366 - recipe.helpers.logger - INFO - DELETED Recipe with id: 5 successfully.
2024-06-01 16:22:35,367 - recipe.helpers.logger - INFO - FETCHING all recipes from database.
2024-06-01 16:22:35,368 - recipe.helpers.logger - INFO - FETCHED 1 recipes from database
2024-06-01 16:22:35,371 - recipe.helpers.logger - INFO - FETCHING recipe detail by id
2024-06-01 16:22:35,372 - recipe.helpers.logger - INFO - FETCHED details for recipe with id 7
2024-06-01 16:22:35,375 - recipe.helpers.logger - INFO - UPDATING recipe with id: 8..
2024-06-01 16:22:35,377 - recipe.helpers.logger - INFO - UPDATE recipe with id: 8 successfully
2024-06-01 16:24:26,413 - recipe.helpers.logger - INFO - CREATING new recipe
2024-06-01 16:24:26,443 - recipe.helpers.logger - INFO - CREATED Recipe successfully.
2024-06-01 16:24:26,444 - recipe.helpers.logger - INFO - CREATING new recipe
2024-06-01 16:24:26,445 - recipe.helpers.logger - ERROR - Validation Error in Create Recipe
2024-06-01 16:24:26,445 - recipe.helpers.logger - INFO - DELETING recipe with id: 5
2024-06-01 16:24:26,447 - recipe.helpers.logger - INFO - DELETED Recipe with id: 5 successfully.
2024-06-01 16:24:26,448 - recipe.helpers.logger - INFO - FETCHING all recipes from database.
2024-06-01 16:24:26,448 - recipe.helpers.logger - INFO - FETCHED 1 recipes from database
2024-06-01 16:24:26,450 - recipe.helpers.logger - INFO - FETCHING recipe detail by id
2024-06-01 16:24:26,450 - recipe.helpers.logger - INFO - FETCHED details for recipe with id 7
2024-06-01 16:24:26,454 - recipe.helpers.logger - INFO - FETCHING recipe detail by id
2024-06-01 16:24:26,455 - recipe.helpers.logger - ERROR - Exception Occured: Field 'id' expected a number but got 'random_value'.
2024-06-01 16:24:26,458 - recipe.helpers.logger - INFO - UPDATING recipe with id: 9..
2024-06-01 16:24:26,460 - recipe.helpers.logger - INFO - UPDATE recipe with id: 9 successfully
2024-06-01 16:24:40,433 - recipe.helpers.logger - INFO - CREATING new recipe
2024-06-01 16:24:40,460 - recipe.helpers.logger - INFO - CREATED Recipe successfully.
2024-06-01 16:24:40,462 - recipe.helpers.logger - INFO - CREATING new recipe
2024-06-01 16:24:40,462 - recipe.helpers.logger - ERROR - Validation Error in Create Recipe
2024-06-01 16:24:40,464 - recipe.helpers.logger - INFO - DELETING recipe with id: 5
2024-06-01 16:24:40,465 - recipe.helpers.logger - INFO - DELETED Recipe with id: 5 successfully.
2024-06-01 16:24:40,467 - recipe.helpers.logger - INFO - FETCHING all recipes from database.
2024-06-01 16:24:40,467 - recipe.helpers.logger - INFO - FETCHED 1 recipes from database
2024-06-01 16:24:40,468 - recipe.helpers.logger - INFO - FETCHING recipe detail by id
2024-06-01 16:24:40,469 - recipe.helpers.logger - INFO - FETCHED details for recipe with id 7
2024-06-01 16:24:40,470 - recipe.helpers.logger - INFO - FETCHING recipe detail by id
2024-06-01 16:24:40,470 - recipe.helpers.logger - ERROR - FAILED to FETCH Recipe with given id: <built-in function id>
2024-06-01 16:24:40,470 - recipe.helpers.logger - ERROR - Object not found
2024-06-01 16:24:40,472 - recipe.helpers.logger - INFO - UPDATING recipe with id: 9..
2024-06-01 16:24:40,474 - recipe.helpers.logger - INFO - UPDATE recipe with id: 9 successfully
2024-06-01 16:25:00,187 - recipe.helpers.logger - INFO - CREATING new recipe
2024-06-01 16:25:00,216 - recipe.helpers.logger - INFO - CREATED Recipe successfully.
2024-06-01 16:25:00,218 - recipe.helpers.logger - INFO - CREATING new recipe
2024-06-01 16:25:00,218 - recipe.helpers.logger - ERROR - Validation Error in Create Recipe
2024-06-01 16:25:00,220 - recipe.helpers.logger - INFO - DELETING recipe with id: 5
2024-06-01 16:25:00,221 - recipe.helpers.logger - INFO - DELETED Recipe with id: 5 successfully.
2024-06-01 16:25:00,223 - recipe.helpers.logger - INFO - FETCHING all recipes from database.
2024-06-01 16:25:00,223 - recipe.helpers.logger - INFO - FETCHED 1 recipes from database
2024-06-01 16:25:00,230 - recipe.helpers.logger - INFO - FETCHING recipe detail by id
2024-06-01 16:25:00,231 - recipe.helpers.logger - INFO - FETCHED details for recipe with id 7
2024-06-01 16:25:00,232 - recipe.helpers.logger - INFO - FETCHING recipe detail by id
2024-06-01 16:25:00,233 - recipe.helpers.logger - ERROR - FAILED to FETCH Recipe with given id: <built-in function id>
2024-06-01 16:25:00,233 - recipe.helpers.logger - ERROR - Object not found
2024-06-01 16:25:00,234 - recipe.helpers.logger - INFO - UPDATING recipe with id: 9..
2024-06-01 16:25:00,236 - recipe.helpers.logger - INFO - UPDATE recipe with id: 9 successfully
2024-06-01 16:25:24,298 - recipe.helpers.logger - INFO - FETCHING recipe detail by id
2024-06-01 16:25:24,302 - recipe.helpers.logger - ERROR - FAILED to FETCH Recipe with given id: <built-in function id>
2024-06-01 16:25:24,302 - recipe.helpers.logger - ERROR - Object not found
2024-06-01 16:25:24,324 - django.request - WARNING - Not Found: /recipes/200/
2024-06-01 16:25:27,303 - django.request - WARNING - Not Found: /recipes/abc
2024-06-01 16:25:32,087 - recipe.helpers.logger - INFO - FETCHING recipe detail by id
2024-06-01 16:25:32,088 - recipe.helpers.logger - ERROR - FAILED to FETCH Recipe with given id: <built-in function id>
2024-06-01 16:25:32,088 - recipe.helpers.logger - ERROR - Object not found
2024-06-01 16:25:32,091 - django.request - WARNING - Not Found: /recipes/200/
2024-06-01 16:28:38,806 - recipe.helpers.logger - INFO - CREATING new recipe
2024-06-01 16:28:38,833 - recipe.helpers.logger - INFO - CREATED Recipe successfully.
2024-06-01 16:28:38,834 - recipe.helpers.logger - INFO - CREATING new recipe
2024-06-01 16:28:38,835 - recipe.helpers.logger - ERROR - Validation Error in Create Recipe
2024-06-01 16:28:38,836 - recipe.helpers.logger - INFO - DELETING recipe with id: 5
2024-06-01 16:28:38,837 - recipe.helpers.logger - INFO - DELETED Recipe with id: 5 successfully.
2024-06-01 16:28:38,838 - recipe.helpers.logger - INFO - FETCHING all recipes from database.
2024-06-01 16:28:38,839 - recipe.helpers.logger - INFO - FETCHED 1 recipes from database
2024-06-01 16:28:38,840 - recipe.helpers.logger - INFO - FETCHING recipe detail by id
2024-06-01 16:28:38,841 - recipe.helpers.logger - INFO - FETCHED details for recipe with id 7
2024-06-01 16:28:38,843 - recipe.helpers.logger - INFO - FETCHING recipe detail by id
2024-06-01 16:28:38,845 - recipe.helpers.logger - ERROR - FAILED to FETCH Recipe with given id: <built-in function id>
2024-06-01 16:28:38,845 - recipe.helpers.logger - ERROR - Object not found
2024-06-01 16:28:38,847 - recipe.helpers.logger - INFO - UPDATING recipe with id: 9..
2024-06-01 16:28:38,849 - recipe.helpers.logger - INFO - UPDATE recipe with id: 9 successfully
2024-06-03 04:10:16,795 - recipe.helpers.logger - INFO - CREATING new recipe
2024-06-03 04:10:16,827 - recipe.helpers.logger - INFO - CREATED Recipe successfully.
2024-06-03 04:10:16,829 - recipe.helpers.logger - INFO - CREATING new recipe
2024-06-03 04:10:16,829 - recipe.helpers.logger - ERROR - Validation Error in Create Recipe
2024-06-03 04:10:16,830 - recipe.helpers.logger - INFO - DELETING recipe with id: 5
2024-06-03 04:10:16,832 - recipe.helpers.logger - INFO - DELETED Recipe with id: 5 successfully.
2024-06-03 04:10:16,833 - recipe.helpers.logger - INFO - FETCHING all recipes from database.
2024-06-03 04:10:16,833 - recipe.helpers.logger - INFO - FETCHED 1 recipes from database
2024-06-03 04:10:16,835 - recipe.helpers.logger - INFO - FETCHING recipe detail by id
2024-06-03 04:10:16,835 - recipe.helpers.logger - INFO - FETCHED details for recipe with id 7
2024-06-03 04:10:16,837 - recipe.helpers.logger - INFO - FETCHING recipe detail by id
2024-06-03 04:10:16,838 - recipe.helpers.logger - ERROR - FAILED to FETCH Recipe with given id: <built-in function id>
2024-06-03 04:10:16,838 - recipe.helpers.logger - ERROR - Object not found
2024-06-03 04:10:16,840 - recipe.helpers.logger - INFO - UPDATING recipe with id: 9..
2024-06-03 04:10:16,842 - recipe.helpers.logger - INFO - UPDATE recipe with id: 9 successfully
2024-06-03 04:10:32,552 - recipe.helpers.logger - INFO - CREATING new recipe
2024-06-03 04:10:32,580 - recipe.helpers.logger - INFO - CREATED Recipe successfully.
2024-06-03 04:10:32,582 - recipe.helpers.logger - INFO - CREATING new recipe
2024-06-03 04:10:32,583 - recipe.helpers.logger - ERROR - Validation Error in Create Recipe
2024-06-03 04:10:32,584 - recipe.helpers.logger - INFO - DELETING recipe with id: 5
2024-06-03 04:10:32,585 - recipe.helpers.logger - INFO - DELETED Recipe with id: 5 successfully.
2024-06-03 04:10:32,588 - recipe.helpers.logger - INFO - FETCHING all recipes from database.
2024-06-03 04:10:32,588 - recipe.helpers.logger - INFO - FETCHED 1 recipes from database
2024-06-03 04:10:32,592 - recipe.helpers.logger - INFO - FETCHING recipe detail by id
2024-06-03 04:10:32,594 - recipe.helpers.logger - INFO - FETCHED details for recipe with id 7
2024-06-03 04:10:32,598 - recipe.helpers.logger - INFO - FETCHING recipe detail by id
2024-06-03 04:10:32,599 - recipe.helpers.logger - ERROR - FAILED to FETCH Recipe with given id: <built-in function id>
2024-06-03 04:10:32,599 - recipe.helpers.logger - ERROR - Object not found
2024-06-03 04:10:32,600 - recipe.helpers.logger - INFO - UPDATING recipe with id: 9..
2024-06-03 04:10:32,601 - recipe.helpers.logger - INFO - UPDATE recipe with id: 9 successfully
2024-06-03 04:10:39,751 - recipe.helpers.logger - INFO - CREATING new recipe
2024-06-03 04:10:39,780 - recipe.helpers.logger - INFO - CREATED Recipe successfully.
2024-06-03 04:10:39,781 - recipe.helpers.logger - INFO - CREATING new recipe
2024-06-03 04:10:39,782 - recipe.helpers.logger - ERROR - Validation Error in Create Recipe
2024-06-03 04:10:39,783 - recipe.helpers.logger - INFO - DELETING recipe with id: 5
2024-06-03 04:10:39,788 - recipe.helpers.logger - INFO - DELETED Recipe with id: 5 successfully.
2024-06-03 04:10:39,792 - recipe.helpers.logger - INFO - FETCHING all recipes from database.
2024-06-03 04:10:39,792 - recipe.helpers.logger - INFO - FETCHED 1 recipes from database
2024-06-03 04:10:39,794 - recipe.helpers.logger - INFO - FETCHING recipe detail by id
2024-06-03 04:10:39,794 - recipe.helpers.logger - INFO - FETCHED details for recipe with id 7
2024-06-03 04:10:39,795 - recipe.helpers.logger - INFO - FETCHING recipe detail by id
2024-06-03 04:10:39,796 - recipe.helpers.logger - ERROR - FAILED to FETCH Recipe with given id: <built-in function id>
2024-06-03 04:10:39,796 - recipe.helpers.logger - ERROR - Object not found
2024-06-03 04:10:39,797 - recipe.helpers.logger - INFO - UPDATING recipe with id: 9..
2024-06-03 04:10:39,798 - recipe.helpers.logger - INFO - UPDATE recipe with id: 9 successfully
2024-06-03 04:12:21,948 - recipe.helpers.logger - INFO - CREATING new recipe
2024-06-03 04:12:21,977 - recipe.helpers.logger - INFO - CREATED Recipe successfully.
2024-06-03 04:12:21,979 - recipe.helpers.logger - INFO - CREATING new recipe
2024-06-03 04:12:21,980 - recipe.helpers.logger - ERROR - Validation Error in Create Recipe
2024-06-03 04:12:21,983 - recipe.helpers.logger - INFO - DELETING recipe with id: 5
2024-06-03 04:12:21,985 - recipe.helpers.logger - INFO - DELETED Recipe with id: 5 successfully.
2024-06-03 04:12:21,986 - recipe.helpers.logger - INFO - FETCHING all recipes from database.
2024-06-03 04:12:21,987 - recipe.helpers.logger - INFO - FETCHED 1 recipes from database
2024-06-03 04:12:21,988 - recipe.helpers.logger - INFO - FETCHING recipe detail by id
2024-06-03 04:12:21,989 - recipe.helpers.logger - INFO - FETCHED details for recipe with id 7
2024-06-03 04:12:21,990 - recipe.helpers.logger - INFO - FETCHING recipe detail by id
2024-06-03 04:12:21,991 - recipe.helpers.logger - ERROR - FAILED to FETCH Recipe with given id: <built-in function id>
2024-06-03 04:12:21,991 - recipe.helpers.logger - ERROR - Object not found
2024-06-03 04:12:21,992 - recipe.helpers.logger - INFO - UPDATING recipe with id: 9..
2024-06-03 04:12:21,993 - recipe.helpers.logger - INFO - UPDATE recipe with id: 9 successfully
2024-06-03 04:12:41,521 - recipe.helpers.logger - INFO - CREATING new recipe
2024-06-03 04:12:41,554 - recipe.helpers.logger - INFO - CREATED Recipe successfully.
2024-06-03 04:12:41,556 - recipe.helpers.logger - INFO - CREATING new recipe
2024-06-03 04:12:41,557 - recipe.helpers.logger - ERROR - Validation Error in Create Recipe
2024-06-03 04:12:41,558 - recipe.helpers.logger - INFO - DELETING recipe with id: 5
2024-06-03 04:12:41,559 - recipe.helpers.logger - INFO - DELETED Recipe with id: 5 successfully.
2024-06-03 04:12:41,561 - recipe.helpers.logger - INFO - FETCHING all recipes from database.
2024-06-03 04:12:41,561 - recipe.helpers.logger - INFO - FETCHED 1 recipes from database
2024-06-03 04:12:41,563 - recipe.helpers.logger - INFO - FETCHING recipe detail by id
2024-06-03 04:12:41,564 - recipe.helpers.logger - INFO - FETCHED details for recipe with id 7
2024-06-03 04:12:41,568 - recipe.helpers.logger - INFO - FETCHING recipe detail by id
2024-06-03 04:12:41,570 - recipe.helpers.logger - ERROR - FAILED to FETCH Recipe with given id: <built-in function id>
2024-06-03 04:12:41,570 - recipe.helpers.logger - ERROR - Object not found
2024-06-03 04:12:41,573 - recipe.helpers.logger - INFO - UPDATING recipe with id: 9..
2024-06-03 04:12:41,576 - recipe.helpers.logger - INFO - UPDATE recipe with id: 9 successfully
2024-06-03 04:15:07,102 - recipe.helpers.logger - INFO - CREATING new recipe
2024-06-03 04:15:07,129 - recipe.helpers.logger - INFO - CREATED Recipe successfully.
2024-06-03 04:15:07,130 - recipe.helpers.logger - INFO - CREATING new recipe
2024-06-03 04:15:07,131 - recipe.helpers.logger - ERROR - Validation Error in Create Recipe
2024-06-03 04:15:07,132 - recipe.helpers.logger - INFO - DELETING recipe with id: 5
2024-06-03 04:15:07,133 - recipe.helpers.logger - INFO - DELETED Recipe with id: 5 successfully.
2024-06-03 04:15:07,135 - recipe.helpers.logger - INFO - FETCHING all recipes from database.
2024-06-03 04:15:07,136 - recipe.helpers.logger - INFO - FETCHED 1 recipes from database
2024-06-03 04:15:07,139 - recipe.helpers.logger - INFO - FETCHING recipe detail by id
2024-06-03 04:15:07,140 - recipe.helpers.logger - INFO - FETCHED details for recipe with id 7
2024-06-03 04:15:07,143 - recipe.helpers.logger - INFO - FETCHING recipe detail by id
2024-06-03 04:15:07,143 - recipe.helpers.logger - ERROR - FAILED to FETCH Recipe with given id: <built-in function id>
2024-06-03 04:15:07,143 - recipe.helpers.logger - ERROR - Object not found
2024-06-03 04:15:07,145 - recipe.helpers.logger - INFO - UPDATING recipe with id: 9..
2024-06-03 04:15:07,147 - recipe.helpers.logger - INFO - UPDATE recipe with id: 9 successfully
2024-06-03 04:15:39,882 - recipe.helpers.logger - INFO - CREATING new recipe
2024-06-03 04:15:39,911 - recipe.helpers.logger - INFO - CREATED Recipe successfully.
2024-06-03 04:15:39,914 - recipe.helpers.logger - INFO - CREATING new recipe
2024-06-03 04:15:39,914 - recipe.helpers.logger - ERROR - Validation Error in Create Recipe
2024-06-03 04:15:39,915 - recipe.helpers.logger - INFO - DELETING recipe with id: 5
2024-06-03 04:15:39,917 - recipe.helpers.logger - INFO - DELETED Recipe with id: 5 successfully.
2024-06-03 04:15:39,918 - recipe.helpers.logger - INFO - FETCHING all recipes from database.
2024-06-03 04:15:39,918 - recipe.helpers.logger - INFO - FETCHED 1 recipes from database
2024-06-03 04:15:39,920 - recipe.helpers.logger - INFO - FETCHING recipe detail by id
2024-06-03 04:15:39,920 - recipe.helpers.logger - INFO - FETCHED details for recipe with id 7
2024-06-03 04:15:39,921 - recipe.helpers.logger - INFO - FETCHING recipe detail by id
2024-06-03 04:15:39,922 - recipe.helpers.logger - ERROR - FAILED to FETCH Recipe with given id: <built-in function id>
2024-06-03 04:15:39,922 - recipe.helpers.logger - ERROR - Object not found
2024-06-03 04:15:39,927 - recipe.helpers.logger - INFO - UPDATING recipe with id: 9..
2024-06-03 04:15:39,929 - recipe.helpers.logger - INFO - UPDATE recipe with id: 9 successfully
2024-06-03 05:36:09,616 - recipe.helpers.logger - INFO - CREATING new recipe
2024-06-03 05:36:09,645 - recipe.helpers.logger - INFO - CREATED Recipe successfully.
2024-06-03 05:36:09,646 - recipe.helpers.logger - INFO - CREATING new recipe
2024-06-03 05:36:09,647 - recipe.helpers.logger - ERROR - Validation Error in Create Recipe
2024-06-03 05:36:09,647 - recipe.helpers.logger - INFO - DELETING recipe with id: 5
2024-06-03 05:36:09,649 - recipe.helpers.logger - INFO - DELETED Recipe with id: 5 successfully.
2024-06-03 05:36:09,650 - recipe.helpers.logger - INFO - FETCHING all recipes from database.
2024-06-03 05:36:09,651 - recipe.helpers.logger - INFO - FETCHED 1 recipes from database
2024-06-03 05:36:09,655 - recipe.helpers.logger - INFO - FETCHING recipe detail by id
2024-06-03 05:36:09,657 - recipe.helpers.logger - INFO - FETCHED details for recipe with id 7
2024-06-03 05:36:09,659 - recipe.helpers.logger - INFO - FETCHING recipe detail by id
2024-06-03 05:36:09,659 - recipe.helpers.logger - ERROR - FAILED to FETCH Recipe with given id: <built-in function id>
2024-06-03 05:36:09,659 - recipe.helpers.logger - ERROR - Object not found
2024-06-03 05:36:09,660 - recipe.helpers.logger - INFO - UPDATING recipe with id: 9..
2024-06-03 05:36:09,662 - recipe.helpers.logger - INFO - UPDATE recipe with id: 9 successfully
